The system is: Darwin - 17.2.0 - x86_64
Compiling the C compiler identification source file "CMakeCCompilerId.c" succeeded.
Compiler: /opt/local/bin/gcc-mp-5 
Build flags: 
Id flags:  

The output was:
0


Compilation of the C compiler identification source "CMakeCCompilerId.c" produced "a.out"

The C compiler identification is GNU, found in "/Users/afq/Documents/Dropbox/LBL/PeriFlakes/PeriFlakes/husk_ficticious/CMakeFiles/3.8.2/CompilerIdC/a.out"

Compiling the CXX compiler identification source file "CMakeCXXCompilerId.cpp" succeeded.
Compiler: /opt/local/bin/c++ 
Build flags: 
Id flags:  

The output was:
0


Compilation of the CXX compiler identification source "CMakeCXXCompilerId.cpp" produced "a.out"

The CXX compiler identification is GNU, found in "/Users/afq/Documents/Dropbox/LBL/PeriFlakes/PeriFlakes/husk_ficticious/CMakeFiles/3.8.2/CompilerIdCXX/a.out"

Determining if the C compiler works passed with the following output:
Change Dir: /Users/afq/Documents/Dropbox/LBL/PeriFlakes/PeriFlakes/husk_ficticious/CMakeFiles/CMakeTmp

Run Build Command:"/opt/local/bin/gmake" "cmTC_717a1/fast"
/opt/local/bin/gmake -f CMakeFiles/cmTC_717a1.dir/build.make CMakeFiles/cmTC_717a1.dir/build
gmake[1]: Entering directory '/Users/afq/Documents/Dropbox/LBL/PeriFlakes/PeriFlakes/husk_ficticious/CMakeFiles/CMakeTmp'
Building C object CMakeFiles/cmTC_717a1.dir/testCCompiler.c.o
/opt/local/bin/gcc-mp-5    -o CMakeFiles/cmTC_717a1.dir/testCCompiler.c.o   -c /Users/afq/Documents/Dropbox/LBL/PeriFlakes/PeriFlakes/husk_ficticious/CMakeFiles/CMakeTmp/testCCompiler.c
Linking C executable cmTC_717a1
/opt/local/bin/cmake -E cmake_link_script CMakeFiles/cmTC_717a1.dir/link.txt --verbose=1
/opt/local/bin/gcc-mp-5   -Wl,-search_paths_first -Wl,-headerpad_max_install_names   CMakeFiles/cmTC_717a1.dir/testCCompiler.c.o  -o cmTC_717a1 
gmake[1]: Leaving directory '/Users/afq/Documents/Dropbox/LBL/PeriFlakes/PeriFlakes/husk_ficticious/CMakeFiles/CMakeTmp'


Detecting C compiler ABI info compiled with the following output:
Change Dir: /Users/afq/Documents/Dropbox/LBL/PeriFlakes/PeriFlakes/husk_ficticious/CMakeFiles/CMakeTmp

Run Build Command:"/opt/local/bin/gmake" "cmTC_5c272/fast"
/opt/local/bin/gmake -f CMakeFiles/cmTC_5c272.dir/build.make CMakeFiles/cmTC_5c272.dir/build
gmake[1]: Entering directory '/Users/afq/Documents/Dropbox/LBL/PeriFlakes/PeriFlakes/husk_ficticious/CMakeFiles/CMakeTmp'
Building C object CMakeFiles/cmTC_5c272.dir/CMakeCCompilerABI.c.o
/opt/local/bin/gcc-mp-5    -o CMakeFiles/cmTC_5c272.dir/CMakeCCompilerABI.c.o   -c /opt/local/share/cmake-3.8/Modules/CMakeCCompilerABI.c
Linking C executable cmTC_5c272
/opt/local/bin/cmake -E cmake_link_script CMakeFiles/cmTC_5c272.dir/link.txt --verbose=1
/opt/local/bin/gcc-mp-5   -Wl,-search_paths_first -Wl,-headerpad_max_install_names  -v -Wl,-v CMakeFiles/cmTC_5c272.dir/CMakeCCompilerABI.c.o  -o cmTC_5c272 
Using built-in specs.
COLLECT_GCC=/opt/local/bin/gcc-mp-5
COLLECT_LTO_WRAPPER=/opt/local/libexec/gcc/x86_64-apple-darwin16/5.4.0/lto-wrapper
Target: x86_64-apple-darwin16
Configured with: /opt/local/var/macports/build/_opt_bblocal_var_buildworker_ports_build_ports_lang_gcc5/gcc5/work/gcc-5.4.0/configure --prefix=/opt/local --build=x86_64-apple-darwin16 --enable-languages=c,c++,objc,obj-c++,lto,fortran,java --libdir=/opt/local/lib/gcc5 --includedir=/opt/local/include/gcc5 --infodir=/opt/local/share/info --mandir=/opt/local/share/man --datarootdir=/opt/local/share/gcc-5 --with-local-prefix=/opt/local --with-system-zlib --disable-nls --program-suffix=-mp-5 --with-gxx-include-dir=/opt/local/include/gcc5/c++/ --with-gmp=/opt/local --with-mpfr=/opt/local --with-mpc=/opt/local --with-isl=/opt/local --enable-stage1-checking --disable-multilib --enable-lto --enable-libstdcxx-time --with-build-config=bootstrap-debug --with-as=/opt/local/bin/as --with-ld=/opt/local/bin/ld --with-ar=/opt/local/bin/ar --with-bugurl=https://trac.macports.org/newticket --with-pkgversion='MacPorts gcc5 5.4.0_1'
Thread model: posix
gcc version 5.4.0 (MacPorts gcc5 5.4.0_1) 
COMPILER_PATH=/opt/local/libexec/gcc/x86_64-apple-darwin16/5.4.0/:/opt/local/libexec/gcc/x86_64-apple-darwin16/5.4.0/:/opt/local/libexec/gcc/x86_64-apple-darwin16/:/opt/local/lib/gcc5/gcc/x86_64-apple-darwin16/5.4.0/:/opt/local/lib/gcc5/gcc/x86_64-apple-darwin16/
LIBRARY_PATH=/opt/local/lib/gcc5/gcc/x86_64-apple-darwin16/5.4.0/:/opt/local/lib/gcc5/gcc/x86_64-apple-darwin16/5.4.0/../../../:/usr/lib/
COLLECT_GCC_OPTIONS='-mmacosx-version-min=10.13.2' '-v' '-o' 'cmTC_5c272' '-mtune=core2'
 /opt/local/libexec/gcc/x86_64-apple-darwin16/5.4.0/collect2 -dynamic -arch x86_64 -macosx_version_min 10.13.2 -weak_reference_mismatches non-weak -o cmTC_5c272 -L/opt/local/lib/gcc5/gcc/x86_64-apple-darwin16/5.4.0 -L/opt/local/lib/gcc5/gcc/x86_64-apple-darwin16/5.4.0/../../.. -search_paths_first -headerpad_max_install_names -v CMakeFiles/cmTC_5c272.dir/CMakeCCompilerABI.c.o -no_compact_unwind -lSystem -lgcc_ext.10.5 -lgcc -lSystem -v
collect2 version 5.4.0
/opt/local/bin/ld -dynamic -arch x86_64 -macosx_version_min 10.13.2 -weak_reference_mismatches non-weak -o cmTC_5c272 -L/opt/local/lib/gcc5/gcc/x86_64-apple-darwin16/5.4.0 -L/opt/local/lib/gcc5/gcc/x86_64-apple-darwin16/5.4.0/../../.. -search_paths_first -headerpad_max_install_names -v CMakeFiles/cmTC_5c272.dir/CMakeCCompilerABI.c.o -no_compact_unwind -lSystem -lgcc_ext.10.5 -lgcc -lSystem -v
@(#)PROGRAM:ld  PROJECT:ld64-274.2
configured to support archs: i386 x86_64 x86_64h armv6 armv7 armv7s armv7m armv7k arm64 (tvOS)
@(#)PROGRAM:ld  PROJECT:ld64-274.2
configured to support archs: i386 x86_64 x86_64h armv6 armv7 armv7s armv7m armv7k arm64 (tvOS)
Library search paths:
	/opt/local/lib/gcc5/gcc/x86_64-apple-darwin16/5.4.0
	/opt/local/lib/gcc5
	/usr/lib
	/usr/local/lib
Framework search paths:
	/Library/Frameworks/
	/System/Library/Frameworks/
 /usr/local/bin/gnm -n CMakeFiles/cmTC_5c272.dir/CMakeCCompilerABI.c.o
gmake[1]: Leaving directory '/Users/afq/Documents/Dropbox/LBL/PeriFlakes/PeriFlakes/husk_ficticious/CMakeFiles/CMakeTmp'


Parsed C implicit link information from above output:
  link line regex: [^( *|.*[/\])(ld|([^/\]+-)?ld|collect2)[^/\]*( |$)]
  ignore line: [Change Dir: /Users/afq/Documents/Dropbox/LBL/PeriFlakes/PeriFlakes/husk_ficticious/CMakeFiles/CMakeTmp]
  ignore line: []
  ignore line: [Run Build Command:"/opt/local/bin/gmake" "cmTC_5c272/fast"]
  ignore line: [/opt/local/bin/gmake -f CMakeFiles/cmTC_5c272.dir/build.make CMakeFiles/cmTC_5c272.dir/build]
  ignore line: [gmake[1]: Entering directory '/Users/afq/Documents/Dropbox/LBL/PeriFlakes/PeriFlakes/husk_ficticious/CMakeFiles/CMakeTmp']
  ignore line: [Building C object CMakeFiles/cmTC_5c272.dir/CMakeCCompilerABI.c.o]
  ignore line: [/opt/local/bin/gcc-mp-5    -o CMakeFiles/cmTC_5c272.dir/CMakeCCompilerABI.c.o   -c /opt/local/share/cmake-3.8/Modules/CMakeCCompilerABI.c]
  ignore line: [Linking C executable cmTC_5c272]
  ignore line: [/opt/local/bin/cmake -E cmake_link_script CMakeFiles/cmTC_5c272.dir/link.txt --verbose=1]
  ignore line: [/opt/local/bin/gcc-mp-5   -Wl,-search_paths_first -Wl,-headerpad_max_install_names  -v -Wl,-v CMakeFiles/cmTC_5c272.dir/CMakeCCompilerABI.c.o  -o cmTC_5c272 ]
  ignore line: [Using built-in specs.]
  ignore line: [COLLECT_GCC=/opt/local/bin/gcc-mp-5]
  ignore line: [COLLECT_LTO_WRAPPER=/opt/local/libexec/gcc/x86_64-apple-darwin16/5.4.0/lto-wrapper]
  ignore line: [Target: x86_64-apple-darwin16]
  ignore line: [Configured with: /opt/local/var/macports/build/_opt_bblocal_var_buildworker_ports_build_ports_lang_gcc5/gcc5/work/gcc-5.4.0/configure --prefix=/opt/local --build=x86_64-apple-darwin16 --enable-languages=c,c++,objc,obj-c++,lto,fortran,java --libdir=/opt/local/lib/gcc5 --includedir=/opt/local/include/gcc5 --infodir=/opt/local/share/info --mandir=/opt/local/share/man --datarootdir=/opt/local/share/gcc-5 --with-local-prefix=/opt/local --with-system-zlib --disable-nls --program-suffix=-mp-5 --with-gxx-include-dir=/opt/local/include/gcc5/c++/ --with-gmp=/opt/local --with-mpfr=/opt/local --with-mpc=/opt/local --with-isl=/opt/local --enable-stage1-checking --disable-multilib --enable-lto --enable-libstdcxx-time --with-build-config=bootstrap-debug --with-as=/opt/local/bin/as --with-ld=/opt/local/bin/ld --with-ar=/opt/local/bin/ar --with-bugurl=https://trac.macports.org/newticket --with-pkgversion='MacPorts gcc5 5.4.0_1']
  ignore line: [Thread model: posix]
  ignore line: [gcc version 5.4.0 (MacPorts gcc5 5.4.0_1) ]
  ignore line: [COMPILER_PATH=/opt/local/libexec/gcc/x86_64-apple-darwin16/5.4.0/:/opt/local/libexec/gcc/x86_64-apple-darwin16/5.4.0/:/opt/local/libexec/gcc/x86_64-apple-darwin16/:/opt/local/lib/gcc5/gcc/x86_64-apple-darwin16/5.4.0/:/opt/local/lib/gcc5/gcc/x86_64-apple-darwin16/]
  ignore line: [LIBRARY_PATH=/opt/local/lib/gcc5/gcc/x86_64-apple-darwin16/5.4.0/:/opt/local/lib/gcc5/gcc/x86_64-apple-darwin16/5.4.0/../../../:/usr/lib/]
  ignore line: [COLLECT_GCC_OPTIONS='-mmacosx-version-min=10.13.2' '-v' '-o' 'cmTC_5c272' '-mtune=core2']
  link line: [ /opt/local/libexec/gcc/x86_64-apple-darwin16/5.4.0/collect2 -dynamic -arch x86_64 -macosx_version_min 10.13.2 -weak_reference_mismatches non-weak -o cmTC_5c272 -L/opt/local/lib/gcc5/gcc/x86_64-apple-darwin16/5.4.0 -L/opt/local/lib/gcc5/gcc/x86_64-apple-darwin16/5.4.0/../../.. -search_paths_first -headerpad_max_install_names -v CMakeFiles/cmTC_5c272.dir/CMakeCCompilerABI.c.o -no_compact_unwind -lSystem -lgcc_ext.10.5 -lgcc -lSystem -v]
    arg [/opt/local/libexec/gcc/x86_64-apple-darwin16/5.4.0/collect2] ==> ignore
    arg [-dynamic] ==> ignore
    arg [-arch] ==> ignore
    arg [x86_64] ==> ignore
    arg [-macosx_version_min] ==> ignore
    arg [10.13.2] ==> ignore
    arg [-weak_reference_mismatches] ==> ignore
    arg [non-weak] ==> ignore
    arg [-o] ==> ignore
    arg [cmTC_5c272] ==> ignore
    arg [-L/opt/local/lib/gcc5/gcc/x86_64-apple-darwin16/5.4.0] ==> dir [/opt/local/lib/gcc5/gcc/x86_64-apple-darwin16/5.4.0]
    arg [-L/opt/local/lib/gcc5/gcc/x86_64-apple-darwin16/5.4.0/../../..] ==> dir [/opt/local/lib/gcc5/gcc/x86_64-apple-darwin16/5.4.0/../../..]
    arg [-search_paths_first] ==> ignore
    arg [-headerpad_max_install_names] ==> ignore
    arg [-v] ==> ignore
    arg [CMakeFiles/cmTC_5c272.dir/CMakeCCompilerABI.c.o] ==> ignore
    arg [-no_compact_unwind] ==> ignore
    arg [-lSystem] ==> lib [System]
    arg [-lgcc_ext.10.5] ==> lib [gcc_ext.10.5]
    arg [-lgcc] ==> lib [gcc]
    arg [-lSystem] ==> lib [System]
    arg [-v] ==> ignore
  Library search paths: [;/opt/local/lib/gcc5/gcc/x86_64-apple-darwin16/5.4.0;/opt/local/lib/gcc5;/usr/lib;/usr/local/lib]
  Framework search paths: [;/Library/Frameworks/;/System/Library/Frameworks/]
  remove lib [System]
  remove lib [gcc_ext.10.5]
  remove lib [gcc]
  remove lib [System]
  collapse library dir [/opt/local/lib/gcc5/gcc/x86_64-apple-darwin16/5.4.0] ==> [/opt/local/lib/gcc5/gcc/x86_64-apple-darwin16/5.4.0]
  collapse library dir [/opt/local/lib/gcc5/gcc/x86_64-apple-darwin16/5.4.0/../../..] ==> [/opt/local/lib/gcc5]
  collapse library dir [/opt/local/lib/gcc5/gcc/x86_64-apple-darwin16/5.4.0] ==> [/opt/local/lib/gcc5/gcc/x86_64-apple-darwin16/5.4.0]
  collapse library dir [/opt/local/lib/gcc5] ==> [/opt/local/lib/gcc5]
  collapse library dir [/usr/lib] ==> [/usr/lib]
  collapse library dir [/usr/local/lib] ==> [/usr/local/lib]
  collapse framework dir [/Library/Frameworks/] ==> [/Library/Frameworks]
  collapse framework dir [/System/Library/Frameworks/] ==> [/System/Library/Frameworks]
  implicit libs: []
  implicit dirs: [/opt/local/lib/gcc5/gcc/x86_64-apple-darwin16/5.4.0;/opt/local/lib/gcc5;/usr/lib;/usr/local/lib]
  implicit fwks: [/Library/Frameworks;/System/Library/Frameworks]




Detecting C [-std=c11] compiler features compiled with the following output:
Change Dir: /Users/afq/Documents/Dropbox/LBL/PeriFlakes/PeriFlakes/husk_ficticious/CMakeFiles/CMakeTmp

Run Build Command:"/opt/local/bin/gmake" "cmTC_d6ad4/fast"
/opt/local/bin/gmake -f CMakeFiles/cmTC_d6ad4.dir/build.make CMakeFiles/cmTC_d6ad4.dir/build
gmake[1]: Entering directory '/Users/afq/Documents/Dropbox/LBL/PeriFlakes/PeriFlakes/husk_ficticious/CMakeFiles/CMakeTmp'
Building C object CMakeFiles/cmTC_d6ad4.dir/feature_tests.c.o
/opt/local/bin/gcc-mp-5   -std=c11 -o CMakeFiles/cmTC_d6ad4.dir/feature_tests.c.o   -c /Users/afq/Documents/Dropbox/LBL/PeriFlakes/PeriFlakes/husk_ficticious/CMakeFiles/feature_tests.c
Linking C executable cmTC_d6ad4
/opt/local/bin/cmake -E cmake_link_script CMakeFiles/cmTC_d6ad4.dir/link.txt --verbose=1
/opt/local/bin/gcc-mp-5   -Wl,-search_paths_first -Wl,-headerpad_max_install_names   CMakeFiles/cmTC_d6ad4.dir/feature_tests.c.o  -o cmTC_d6ad4 
gmake[1]: Leaving directory '/Users/afq/Documents/Dropbox/LBL/PeriFlakes/PeriFlakes/husk_ficticious/CMakeFiles/CMakeTmp'


    Feature record: C_FEATURE:1c_function_prototypes
    Feature record: C_FEATURE:1c_restrict
    Feature record: C_FEATURE:1c_static_assert
    Feature record: C_FEATURE:1c_variadic_macros


Detecting C [-std=c99] compiler features compiled with the following output:
Change Dir: /Users/afq/Documents/Dropbox/LBL/PeriFlakes/PeriFlakes/husk_ficticious/CMakeFiles/CMakeTmp

Run Build Command:"/opt/local/bin/gmake" "cmTC_ddbb6/fast"
/opt/local/bin/gmake -f CMakeFiles/cmTC_ddbb6.dir/build.make CMakeFiles/cmTC_ddbb6.dir/build
gmake[1]: Entering directory '/Users/afq/Documents/Dropbox/LBL/PeriFlakes/PeriFlakes/husk_ficticious/CMakeFiles/CMakeTmp'
Building C object CMakeFiles/cmTC_ddbb6.dir/feature_tests.c.o
/opt/local/bin/gcc-mp-5   -std=c99 -o CMakeFiles/cmTC_ddbb6.dir/feature_tests.c.o   -c /Users/afq/Documents/Dropbox/LBL/PeriFlakes/PeriFlakes/husk_ficticious/CMakeFiles/feature_tests.c
Linking C executable cmTC_ddbb6
/opt/local/bin/cmake -E cmake_link_script CMakeFiles/cmTC_ddbb6.dir/link.txt --verbose=1
/opt/local/bin/gcc-mp-5   -Wl,-search_paths_first -Wl,-headerpad_max_install_names   CMakeFiles/cmTC_ddbb6.dir/feature_tests.c.o  -o cmTC_ddbb6 
gmake[1]: Leaving directory '/Users/afq/Documents/Dropbox/LBL/PeriFlakes/PeriFlakes/husk_ficticious/CMakeFiles/CMakeTmp'


    Feature record: C_FEATURE:1c_function_prototypes
    Feature record: C_FEATURE:1c_restrict
    Feature record: C_FEATURE:0c_static_assert
    Feature record: C_FEATURE:1c_variadic_macros


Detecting C [-std=c90] compiler features compiled with the following output:
Change Dir: /Users/afq/Documents/Dropbox/LBL/PeriFlakes/PeriFlakes/husk_ficticious/CMakeFiles/CMakeTmp

Run Build Command:"/opt/local/bin/gmake" "cmTC_2cda9/fast"
/opt/local/bin/gmake -f CMakeFiles/cmTC_2cda9.dir/build.make CMakeFiles/cmTC_2cda9.dir/build
gmake[1]: Entering directory '/Users/afq/Documents/Dropbox/LBL/PeriFlakes/PeriFlakes/husk_ficticious/CMakeFiles/CMakeTmp'
Building C object CMakeFiles/cmTC_2cda9.dir/feature_tests.c.o
/opt/local/bin/gcc-mp-5   -std=c90 -o CMakeFiles/cmTC_2cda9.dir/feature_tests.c.o   -c /Users/afq/Documents/Dropbox/LBL/PeriFlakes/PeriFlakes/husk_ficticious/CMakeFiles/feature_tests.c
Linking C executable cmTC_2cda9
/opt/local/bin/cmake -E cmake_link_script CMakeFiles/cmTC_2cda9.dir/link.txt --verbose=1
/opt/local/bin/gcc-mp-5   -Wl,-search_paths_first -Wl,-headerpad_max_install_names   CMakeFiles/cmTC_2cda9.dir/feature_tests.c.o  -o cmTC_2cda9 
gmake[1]: Leaving directory '/Users/afq/Documents/Dropbox/LBL/PeriFlakes/PeriFlakes/husk_ficticious/CMakeFiles/CMakeTmp'


    Feature record: C_FEATURE:1c_function_prototypes
    Feature record: C_FEATURE:0c_restrict
    Feature record: C_FEATURE:0c_static_assert
    Feature record: C_FEATURE:0c_variadic_macros
Determining if the CXX compiler works passed with the following output:
Change Dir: /Users/afq/Documents/Dropbox/LBL/PeriFlakes/PeriFlakes/husk_ficticious/CMakeFiles/CMakeTmp

Run Build Command:"/opt/local/bin/gmake" "cmTC_474f9/fast"
/opt/local/bin/gmake -f CMakeFiles/cmTC_474f9.dir/build.make CMakeFiles/cmTC_474f9.dir/build
gmake[1]: Entering directory '/Users/afq/Documents/Dropbox/LBL/PeriFlakes/PeriFlakes/husk_ficticious/CMakeFiles/CMakeTmp'
Building CXX object CMakeFiles/cmTC_474f9.dir/testCXXCompiler.cxx.o
/opt/local/bin/c++     -o CMakeFiles/cmTC_474f9.dir/testCXXCompiler.cxx.o -c /Users/afq/Documents/Dropbox/LBL/PeriFlakes/PeriFlakes/husk_ficticious/CMakeFiles/CMakeTmp/testCXXCompiler.cxx
Linking CXX executable cmTC_474f9
/opt/local/bin/cmake -E cmake_link_script CMakeFiles/cmTC_474f9.dir/link.txt --verbose=1
/opt/local/bin/c++    -Wl,-search_paths_first -Wl,-headerpad_max_install_names   CMakeFiles/cmTC_474f9.dir/testCXXCompiler.cxx.o  -o cmTC_474f9 
gmake[1]: Leaving directory '/Users/afq/Documents/Dropbox/LBL/PeriFlakes/PeriFlakes/husk_ficticious/CMakeFiles/CMakeTmp'


Detecting CXX compiler ABI info compiled with the following output:
Change Dir: /Users/afq/Documents/Dropbox/LBL/PeriFlakes/PeriFlakes/husk_ficticious/CMakeFiles/CMakeTmp

Run Build Command:"/opt/local/bin/gmake" "cmTC_62989/fast"
/opt/local/bin/gmake -f CMakeFiles/cmTC_62989.dir/build.make CMakeFiles/cmTC_62989.dir/build
gmake[1]: Entering directory '/Users/afq/Documents/Dropbox/LBL/PeriFlakes/PeriFlakes/husk_ficticious/CMakeFiles/CMakeTmp'
Building CXX object CMakeFiles/cmTC_62989.dir/CMakeCXXCompilerABI.cpp.o
/opt/local/bin/c++     -o CMakeFiles/cmTC_62989.dir/CMakeCXXCompilerABI.cpp.o -c /opt/local/share/cmake-3.8/Modules/CMakeCXXCompilerABI.cpp
Linking CXX executable cmTC_62989
/opt/local/bin/cmake -E cmake_link_script CMakeFiles/cmTC_62989.dir/link.txt --verbose=1
/opt/local/bin/c++    -Wl,-search_paths_first -Wl,-headerpad_max_install_names  -v -Wl,-v CMakeFiles/cmTC_62989.dir/CMakeCXXCompilerABI.cpp.o  -o cmTC_62989 
Using built-in specs.
COLLECT_GCC=/opt/local/bin/c++
COLLECT_LTO_WRAPPER=/opt/local/libexec/gcc/x86_64-apple-darwin16/5.4.0/lto-wrapper
Target: x86_64-apple-darwin16
Configured with: /opt/local/var/macports/build/_opt_bblocal_var_buildworker_ports_build_ports_lang_gcc5/gcc5/work/gcc-5.4.0/configure --prefix=/opt/local --build=x86_64-apple-darwin16 --enable-languages=c,c++,objc,obj-c++,lto,fortran,java --libdir=/opt/local/lib/gcc5 --includedir=/opt/local/include/gcc5 --infodir=/opt/local/share/info --mandir=/opt/local/share/man --datarootdir=/opt/local/share/gcc-5 --with-local-prefix=/opt/local --with-system-zlib --disable-nls --program-suffix=-mp-5 --with-gxx-include-dir=/opt/local/include/gcc5/c++/ --with-gmp=/opt/local --with-mpfr=/opt/local --with-mpc=/opt/local --with-isl=/opt/local --enable-stage1-checking --disable-multilib --enable-lto --enable-libstdcxx-time --with-build-config=bootstrap-debug --with-as=/opt/local/bin/as --with-ld=/opt/local/bin/ld --with-ar=/opt/local/bin/ar --with-bugurl=https://trac.macports.org/newticket --with-pkgversion='MacPorts gcc5 5.4.0_1'
Thread model: posix
gcc version 5.4.0 (MacPorts gcc5 5.4.0_1) 
COMPILER_PATH=/opt/local/libexec/gcc/x86_64-apple-darwin16/5.4.0/:/opt/local/libexec/gcc/x86_64-apple-darwin16/5.4.0/:/opt/local/libexec/gcc/x86_64-apple-darwin16/:/opt/local/lib/gcc5/gcc/x86_64-apple-darwin16/5.4.0/:/opt/local/lib/gcc5/gcc/x86_64-apple-darwin16/
LIBRARY_PATH=/opt/local/lib/gcc5/gcc/x86_64-apple-darwin16/5.4.0/:/opt/local/lib/gcc5/gcc/x86_64-apple-darwin16/5.4.0/../../../:/usr/lib/
COLLECT_GCC_OPTIONS='-mmacosx-version-min=10.13.2' '-v' '-o' 'cmTC_62989' '-shared-libgcc' '-mtune=core2'
 /opt/local/libexec/gcc/x86_64-apple-darwin16/5.4.0/collect2 -dynamic -arch x86_64 -macosx_version_min 10.13.2 -weak_reference_mismatches non-weak -o cmTC_62989 -L/opt/local/lib/gcc5/gcc/x86_64-apple-darwin16/5.4.0 -L/opt/local/lib/gcc5/gcc/x86_64-apple-darwin16/5.4.0/../../.. -search_paths_first -headerpad_max_install_names -v CMakeFiles/cmTC_62989.dir/CMakeCXXCompilerABI.cpp.o -lstdc++ -no_compact_unwind -lSystem -lgcc_ext.10.5 -lgcc -lSystem -v
collect2 version 5.4.0
/opt/local/bin/ld -dynamic -arch x86_64 -macosx_version_min 10.13.2 -weak_reference_mismatches non-weak -o cmTC_62989 -L/opt/local/lib/gcc5/gcc/x86_64-apple-darwin16/5.4.0 -L/opt/local/lib/gcc5/gcc/x86_64-apple-darwin16/5.4.0/../../.. -search_paths_first -headerpad_max_install_names -v CMakeFiles/cmTC_62989.dir/CMakeCXXCompilerABI.cpp.o -lstdc++ -no_compact_unwind -lSystem -lgcc_ext.10.5 -lgcc -lSystem -v
@(#)PROGRAM:ld  PROJECT:ld64-274.2
configured to support archs: i386 x86_64 x86_64h armv6 armv7 armv7s armv7m armv7k arm64 (tvOS)
@(#)PROGRAM:ld  PROJECT:ld64-274.2
configured to support archs: i386 x86_64 x86_64h armv6 armv7 armv7s armv7m armv7k arm64 (tvOS)
Library search paths:
	/opt/local/lib/gcc5/gcc/x86_64-apple-darwin16/5.4.0
	/opt/local/lib/gcc5
	/usr/lib
	/usr/local/lib
Framework search paths:
	/Library/Frameworks/
	/System/Library/Frameworks/
 /usr/local/bin/gnm -n CMakeFiles/cmTC_62989.dir/CMakeCXXCompilerABI.cpp.o
gmake[1]: Leaving directory '/Users/afq/Documents/Dropbox/LBL/PeriFlakes/PeriFlakes/husk_ficticious/CMakeFiles/CMakeTmp'


Parsed CXX implicit link information from above output:
  link line regex: [^( *|.*[/\])(ld|([^/\]+-)?ld|collect2)[^/\]*( |$)]
  ignore line: [Change Dir: /Users/afq/Documents/Dropbox/LBL/PeriFlakes/PeriFlakes/husk_ficticious/CMakeFiles/CMakeTmp]
  ignore line: []
  ignore line: [Run Build Command:"/opt/local/bin/gmake" "cmTC_62989/fast"]
  ignore line: [/opt/local/bin/gmake -f CMakeFiles/cmTC_62989.dir/build.make CMakeFiles/cmTC_62989.dir/build]
  ignore line: [gmake[1]: Entering directory '/Users/afq/Documents/Dropbox/LBL/PeriFlakes/PeriFlakes/husk_ficticious/CMakeFiles/CMakeTmp']
  ignore line: [Building CXX object CMakeFiles/cmTC_62989.dir/CMakeCXXCompilerABI.cpp.o]
  ignore line: [/opt/local/bin/c++     -o CMakeFiles/cmTC_62989.dir/CMakeCXXCompilerABI.cpp.o -c /opt/local/share/cmake-3.8/Modules/CMakeCXXCompilerABI.cpp]
  ignore line: [Linking CXX executable cmTC_62989]
  ignore line: [/opt/local/bin/cmake -E cmake_link_script CMakeFiles/cmTC_62989.dir/link.txt --verbose=1]
  ignore line: [/opt/local/bin/c++    -Wl,-search_paths_first -Wl,-headerpad_max_install_names  -v -Wl,-v CMakeFiles/cmTC_62989.dir/CMakeCXXCompilerABI.cpp.o  -o cmTC_62989 ]
  ignore line: [Using built-in specs.]
  ignore line: [COLLECT_GCC=/opt/local/bin/c++]
  ignore line: [COLLECT_LTO_WRAPPER=/opt/local/libexec/gcc/x86_64-apple-darwin16/5.4.0/lto-wrapper]
  ignore line: [Target: x86_64-apple-darwin16]
  ignore line: [Configured with: /opt/local/var/macports/build/_opt_bblocal_var_buildworker_ports_build_ports_lang_gcc5/gcc5/work/gcc-5.4.0/configure --prefix=/opt/local --build=x86_64-apple-darwin16 --enable-languages=c,c++,objc,obj-c++,lto,fortran,java --libdir=/opt/local/lib/gcc5 --includedir=/opt/local/include/gcc5 --infodir=/opt/local/share/info --mandir=/opt/local/share/man --datarootdir=/opt/local/share/gcc-5 --with-local-prefix=/opt/local --with-system-zlib --disable-nls --program-suffix=-mp-5 --with-gxx-include-dir=/opt/local/include/gcc5/c++/ --with-gmp=/opt/local --with-mpfr=/opt/local --with-mpc=/opt/local --with-isl=/opt/local --enable-stage1-checking --disable-multilib --enable-lto --enable-libstdcxx-time --with-build-config=bootstrap-debug --with-as=/opt/local/bin/as --with-ld=/opt/local/bin/ld --with-ar=/opt/local/bin/ar --with-bugurl=https://trac.macports.org/newticket --with-pkgversion='MacPorts gcc5 5.4.0_1']
  ignore line: [Thread model: posix]
  ignore line: [gcc version 5.4.0 (MacPorts gcc5 5.4.0_1) ]
  ignore line: [COMPILER_PATH=/opt/local/libexec/gcc/x86_64-apple-darwin16/5.4.0/:/opt/local/libexec/gcc/x86_64-apple-darwin16/5.4.0/:/opt/local/libexec/gcc/x86_64-apple-darwin16/:/opt/local/lib/gcc5/gcc/x86_64-apple-darwin16/5.4.0/:/opt/local/lib/gcc5/gcc/x86_64-apple-darwin16/]
  ignore line: [LIBRARY_PATH=/opt/local/lib/gcc5/gcc/x86_64-apple-darwin16/5.4.0/:/opt/local/lib/gcc5/gcc/x86_64-apple-darwin16/5.4.0/../../../:/usr/lib/]
  ignore line: [COLLECT_GCC_OPTIONS='-mmacosx-version-min=10.13.2' '-v' '-o' 'cmTC_62989' '-shared-libgcc' '-mtune=core2']
  link line: [ /opt/local/libexec/gcc/x86_64-apple-darwin16/5.4.0/collect2 -dynamic -arch x86_64 -macosx_version_min 10.13.2 -weak_reference_mismatches non-weak -o cmTC_62989 -L/opt/local/lib/gcc5/gcc/x86_64-apple-darwin16/5.4.0 -L/opt/local/lib/gcc5/gcc/x86_64-apple-darwin16/5.4.0/../../.. -search_paths_first -headerpad_max_install_names -v CMakeFiles/cmTC_62989.dir/CMakeCXXCompilerABI.cpp.o -lstdc++ -no_compact_unwind -lSystem -lgcc_ext.10.5 -lgcc -lSystem -v]
    arg [/opt/local/libexec/gcc/x86_64-apple-darwin16/5.4.0/collect2] ==> ignore
    arg [-dynamic] ==> ignore
    arg [-arch] ==> ignore
    arg [x86_64] ==> ignore
    arg [-macosx_version_min] ==> ignore
    arg [10.13.2] ==> ignore
    arg [-weak_reference_mismatches] ==> ignore
    arg [non-weak] ==> ignore
    arg [-o] ==> ignore
    arg [cmTC_62989] ==> ignore
    arg [-L/opt/local/lib/gcc5/gcc/x86_64-apple-darwin16/5.4.0] ==> dir [/opt/local/lib/gcc5/gcc/x86_64-apple-darwin16/5.4.0]
    arg [-L/opt/local/lib/gcc5/gcc/x86_64-apple-darwin16/5.4.0/../../..] ==> dir [/opt/local/lib/gcc5/gcc/x86_64-apple-darwin16/5.4.0/../../..]
    arg [-search_paths_first] ==> ignore
    arg [-headerpad_max_install_names] ==> ignore
    arg [-v] ==> ignore
    arg [CMakeFiles/cmTC_62989.dir/CMakeCXXCompilerABI.cpp.o] ==> ignore
    arg [-lstdc++] ==> lib [stdc++]
    arg [-no_compact_unwind] ==> ignore
    arg [-lSystem] ==> lib [System]
    arg [-lgcc_ext.10.5] ==> lib [gcc_ext.10.5]
    arg [-lgcc] ==> lib [gcc]
    arg [-lSystem] ==> lib [System]
    arg [-v] ==> ignore
  Library search paths: [;/opt/local/lib/gcc5/gcc/x86_64-apple-darwin16/5.4.0;/opt/local/lib/gcc5;/usr/lib;/usr/local/lib]
  Framework search paths: [;/Library/Frameworks/;/System/Library/Frameworks/]
  remove lib [System]
  remove lib [gcc_ext.10.5]
  remove lib [gcc]
  remove lib [System]
  collapse library dir [/opt/local/lib/gcc5/gcc/x86_64-apple-darwin16/5.4.0] ==> [/opt/local/lib/gcc5/gcc/x86_64-apple-darwin16/5.4.0]
  collapse library dir [/opt/local/lib/gcc5/gcc/x86_64-apple-darwin16/5.4.0/../../..] ==> [/opt/local/lib/gcc5]
  collapse library dir [/opt/local/lib/gcc5/gcc/x86_64-apple-darwin16/5.4.0] ==> [/opt/local/lib/gcc5/gcc/x86_64-apple-darwin16/5.4.0]
  collapse library dir [/opt/local/lib/gcc5] ==> [/opt/local/lib/gcc5]
  collapse library dir [/usr/lib] ==> [/usr/lib]
  collapse library dir [/usr/local/lib] ==> [/usr/local/lib]
  collapse framework dir [/Library/Frameworks/] ==> [/Library/Frameworks]
  collapse framework dir [/System/Library/Frameworks/] ==> [/System/Library/Frameworks]
  implicit libs: [stdc++]
  implicit dirs: [/opt/local/lib/gcc5/gcc/x86_64-apple-darwin16/5.4.0;/opt/local/lib/gcc5;/usr/lib;/usr/local/lib]
  implicit fwks: [/Library/Frameworks;/System/Library/Frameworks]




Detecting CXX [-std=c++1z] compiler features compiled with the following output:
Change Dir: /Users/afq/Documents/Dropbox/LBL/PeriFlakes/PeriFlakes/husk_ficticious/CMakeFiles/CMakeTmp

Run Build Command:"/opt/local/bin/gmake" "cmTC_cb82c/fast"
/opt/local/bin/gmake -f CMakeFiles/cmTC_cb82c.dir/build.make CMakeFiles/cmTC_cb82c.dir/build
gmake[1]: Entering directory '/Users/afq/Documents/Dropbox/LBL/PeriFlakes/PeriFlakes/husk_ficticious/CMakeFiles/CMakeTmp'
Building CXX object CMakeFiles/cmTC_cb82c.dir/feature_tests.cxx.o
/opt/local/bin/c++    -std=c++1z -o CMakeFiles/cmTC_cb82c.dir/feature_tests.cxx.o -c /Users/afq/Documents/Dropbox/LBL/PeriFlakes/PeriFlakes/husk_ficticious/CMakeFiles/feature_tests.cxx
Linking CXX executable cmTC_cb82c
/opt/local/bin/cmake -E cmake_link_script CMakeFiles/cmTC_cb82c.dir/link.txt --verbose=1
/opt/local/bin/c++    -Wl,-search_paths_first -Wl,-headerpad_max_install_names   CMakeFiles/cmTC_cb82c.dir/feature_tests.cxx.o  -o cmTC_cb82c 
gmake[1]: Leaving directory '/Users/afq/Documents/Dropbox/LBL/PeriFlakes/PeriFlakes/husk_ficticious/CMakeFiles/CMakeTmp'


    Feature record: CXX_FEATURE:1cxx_aggregate_default_initializers
    Feature record: CXX_FEATURE:1cxx_alias_templates
    Feature record: CXX_FEATURE:1cxx_alignas
    Feature record: CXX_FEATURE:1cxx_alignof
    Feature record: CXX_FEATURE:1cxx_attributes
    Feature record: CXX_FEATURE:1cxx_attribute_deprecated
    Feature record: CXX_FEATURE:1cxx_auto_type
    Feature record: CXX_FEATURE:1cxx_binary_literals
    Feature record: CXX_FEATURE:1cxx_constexpr
    Feature record: CXX_FEATURE:1cxx_contextual_conversions
    Feature record: CXX_FEATURE:1cxx_decltype
    Feature record: CXX_FEATURE:1cxx_decltype_auto
    Feature record: CXX_FEATURE:1cxx_decltype_incomplete_return_types
    Feature record: CXX_FEATURE:1cxx_default_function_template_args
    Feature record: CXX_FEATURE:1cxx_defaulted_functions
    Feature record: CXX_FEATURE:1cxx_defaulted_move_initializers
    Feature record: CXX_FEATURE:1cxx_delegating_constructors
    Feature record: CXX_FEATURE:1cxx_deleted_functions
    Feature record: CXX_FEATURE:1cxx_digit_separators
    Feature record: CXX_FEATURE:1cxx_enum_forward_declarations
    Feature record: CXX_FEATURE:1cxx_explicit_conversions
    Feature record: CXX_FEATURE:1cxx_extended_friend_declarations
    Feature record: CXX_FEATURE:1cxx_extern_templates
    Feature record: CXX_FEATURE:1cxx_final
    Feature record: CXX_FEATURE:1cxx_func_identifier
    Feature record: CXX_FEATURE:1cxx_generalized_initializers
    Feature record: CXX_FEATURE:1cxx_generic_lambdas
    Feature record: CXX_FEATURE:1cxx_inheriting_constructors
    Feature record: CXX_FEATURE:1cxx_inline_namespaces
    Feature record: CXX_FEATURE:1cxx_lambdas
    Feature record: CXX_FEATURE:1cxx_lambda_init_captures
    Feature record: CXX_FEATURE:1cxx_local_type_template_args
    Feature record: CXX_FEATURE:1cxx_long_long_type
    Feature record: CXX_FEATURE:1cxx_noexcept
    Feature record: CXX_FEATURE:1cxx_nonstatic_member_init
    Feature record: CXX_FEATURE:1cxx_nullptr
    Feature record: CXX_FEATURE:1cxx_override
    Feature record: CXX_FEATURE:1cxx_range_for
    Feature record: CXX_FEATURE:1cxx_raw_string_literals
    Feature record: CXX_FEATURE:1cxx_reference_qualified_functions
    Feature record: CXX_FEATURE:1cxx_relaxed_constexpr
    Feature record: CXX_FEATURE:1cxx_return_type_deduction
    Feature record: CXX_FEATURE:1cxx_right_angle_brackets
    Feature record: CXX_FEATURE:1cxx_rvalue_references
    Feature record: CXX_FEATURE:1cxx_sizeof_member
    Feature record: CXX_FEATURE:1cxx_static_assert
    Feature record: CXX_FEATURE:1cxx_strong_enums
    Feature record: CXX_FEATURE:1cxx_template_template_parameters
    Feature record: CXX_FEATURE:1cxx_thread_local
    Feature record: CXX_FEATURE:1cxx_trailing_return_types
    Feature record: CXX_FEATURE:1cxx_unicode_literals
    Feature record: CXX_FEATURE:1cxx_uniform_initialization
    Feature record: CXX_FEATURE:1cxx_unrestricted_unions
    Feature record: CXX_FEATURE:1cxx_user_literals
    Feature record: CXX_FEATURE:1cxx_variable_templates
    Feature record: CXX_FEATURE:1cxx_variadic_macros
    Feature record: CXX_FEATURE:1cxx_variadic_templates


Detecting CXX [-std=c++14] compiler features compiled with the following output:
Change Dir: /Users/afq/Documents/Dropbox/LBL/PeriFlakes/PeriFlakes/husk_ficticious/CMakeFiles/CMakeTmp

Run Build Command:"/opt/local/bin/gmake" "cmTC_a7683/fast"
/opt/local/bin/gmake -f CMakeFiles/cmTC_a7683.dir/build.make CMakeFiles/cmTC_a7683.dir/build
gmake[1]: Entering directory '/Users/afq/Documents/Dropbox/LBL/PeriFlakes/PeriFlakes/husk_ficticious/CMakeFiles/CMakeTmp'
Building CXX object CMakeFiles/cmTC_a7683.dir/feature_tests.cxx.o
/opt/local/bin/c++    -std=c++14 -o CMakeFiles/cmTC_a7683.dir/feature_tests.cxx.o -c /Users/afq/Documents/Dropbox/LBL/PeriFlakes/PeriFlakes/husk_ficticious/CMakeFiles/feature_tests.cxx
Linking CXX executable cmTC_a7683
/opt/local/bin/cmake -E cmake_link_script CMakeFiles/cmTC_a7683.dir/link.txt --verbose=1
/opt/local/bin/c++    -Wl,-search_paths_first -Wl,-headerpad_max_install_names   CMakeFiles/cmTC_a7683.dir/feature_tests.cxx.o  -o cmTC_a7683 
gmake[1]: Leaving directory '/Users/afq/Documents/Dropbox/LBL/PeriFlakes/PeriFlakes/husk_ficticious/CMakeFiles/CMakeTmp'


    Feature record: CXX_FEATURE:1cxx_aggregate_default_initializers
    Feature record: CXX_FEATURE:1cxx_alias_templates
    Feature record: CXX_FEATURE:1cxx_alignas
    Feature record: CXX_FEATURE:1cxx_alignof
    Feature record: CXX_FEATURE:1cxx_attributes
    Feature record: CXX_FEATURE:1cxx_attribute_deprecated
    Feature record: CXX_FEATURE:1cxx_auto_type
    Feature record: CXX_FEATURE:1cxx_binary_literals
    Feature record: CXX_FEATURE:1cxx_constexpr
    Feature record: CXX_FEATURE:1cxx_contextual_conversions
    Feature record: CXX_FEATURE:1cxx_decltype
    Feature record: CXX_FEATURE:1cxx_decltype_auto
    Feature record: CXX_FEATURE:1cxx_decltype_incomplete_return_types
    Feature record: CXX_FEATURE:1cxx_default_function_template_args
    Feature record: CXX_FEATURE:1cxx_defaulted_functions
    Feature record: CXX_FEATURE:1cxx_defaulted_move_initializers
    Feature record: CXX_FEATURE:1cxx_delegating_constructors
    Feature record: CXX_FEATURE:1cxx_deleted_functions
    Feature record: CXX_FEATURE:1cxx_digit_separators
    Feature record: CXX_FEATURE:1cxx_enum_forward_declarations
    Feature record: CXX_FEATURE:1cxx_explicit_conversions
    Feature record: CXX_FEATURE:1cxx_extended_friend_declarations
    Feature record: CXX_FEATURE:1cxx_extern_templates
    Feature record: CXX_FEATURE:1cxx_final
    Feature record: CXX_FEATURE:1cxx_func_identifier
    Feature record: CXX_FEATURE:1cxx_generalized_initializers
    Feature record: CXX_FEATURE:1cxx_generic_lambdas
    Feature record: CXX_FEATURE:1cxx_inheriting_constructors
    Feature record: CXX_FEATURE:1cxx_inline_namespaces
    Feature record: CXX_FEATURE:1cxx_lambdas
    Feature record: CXX_FEATURE:1cxx_lambda_init_captures
    Feature record: CXX_FEATURE:1cxx_local_type_template_args
    Feature record: CXX_FEATURE:1cxx_long_long_type
    Feature record: CXX_FEATURE:1cxx_noexcept
    Feature record: CXX_FEATURE:1cxx_nonstatic_member_init
    Feature record: CXX_FEATURE:1cxx_nullptr
    Feature record: CXX_FEATURE:1cxx_override
    Feature record: CXX_FEATURE:1cxx_range_for
    Feature record: CXX_FEATURE:1cxx_raw_string_literals
    Feature record: CXX_FEATURE:1cxx_reference_qualified_functions
    Feature record: CXX_FEATURE:1cxx_relaxed_constexpr
    Feature record: CXX_FEATURE:1cxx_return_type_deduction
    Feature record: CXX_FEATURE:1cxx_right_angle_brackets
    Feature record: CXX_FEATURE:1cxx_rvalue_references
    Feature record: CXX_FEATURE:1cxx_sizeof_member
    Feature record: CXX_FEATURE:1cxx_static_assert
    Feature record: CXX_FEATURE:1cxx_strong_enums
    Feature record: CXX_FEATURE:1cxx_template_template_parameters
    Feature record: CXX_FEATURE:1cxx_thread_local
    Feature record: CXX_FEATURE:1cxx_trailing_return_types
    Feature record: CXX_FEATURE:1cxx_unicode_literals
    Feature record: CXX_FEATURE:1cxx_uniform_initialization
    Feature record: CXX_FEATURE:1cxx_unrestricted_unions
    Feature record: CXX_FEATURE:1cxx_user_literals
    Feature record: CXX_FEATURE:1cxx_variable_templates
    Feature record: CXX_FEATURE:1cxx_variadic_macros
    Feature record: CXX_FEATURE:1cxx_variadic_templates


Detecting CXX [-std=c++11] compiler features compiled with the following output:
Change Dir: /Users/afq/Documents/Dropbox/LBL/PeriFlakes/PeriFlakes/husk_ficticious/CMakeFiles/CMakeTmp

Run Build Command:"/opt/local/bin/gmake" "cmTC_6c1e9/fast"
/opt/local/bin/gmake -f CMakeFiles/cmTC_6c1e9.dir/build.make CMakeFiles/cmTC_6c1e9.dir/build
gmake[1]: Entering directory '/Users/afq/Documents/Dropbox/LBL/PeriFlakes/PeriFlakes/husk_ficticious/CMakeFiles/CMakeTmp'
Building CXX object CMakeFiles/cmTC_6c1e9.dir/feature_tests.cxx.o
/opt/local/bin/c++    -std=c++11 -o CMakeFiles/cmTC_6c1e9.dir/feature_tests.cxx.o -c /Users/afq/Documents/Dropbox/LBL/PeriFlakes/PeriFlakes/husk_ficticious/CMakeFiles/feature_tests.cxx
Linking CXX executable cmTC_6c1e9
/opt/local/bin/cmake -E cmake_link_script CMakeFiles/cmTC_6c1e9.dir/link.txt --verbose=1
/opt/local/bin/c++    -Wl,-search_paths_first -Wl,-headerpad_max_install_names   CMakeFiles/cmTC_6c1e9.dir/feature_tests.cxx.o  -o cmTC_6c1e9 
gmake[1]: Leaving directory '/Users/afq/Documents/Dropbox/LBL/PeriFlakes/PeriFlakes/husk_ficticious/CMakeFiles/CMakeTmp'


    Feature record: CXX_FEATURE:0cxx_aggregate_default_initializers
    Feature record: CXX_FEATURE:1cxx_alias_templates
    Feature record: CXX_FEATURE:1cxx_alignas
    Feature record: CXX_FEATURE:1cxx_alignof
    Feature record: CXX_FEATURE:1cxx_attributes
    Feature record: CXX_FEATURE:0cxx_attribute_deprecated
    Feature record: CXX_FEATURE:1cxx_auto_type
    Feature record: CXX_FEATURE:0cxx_binary_literals
    Feature record: CXX_FEATURE:1cxx_constexpr
    Feature record: CXX_FEATURE:0cxx_contextual_conversions
    Feature record: CXX_FEATURE:1cxx_decltype
    Feature record: CXX_FEATURE:0cxx_decltype_auto
    Feature record: CXX_FEATURE:1cxx_decltype_incomplete_return_types
    Feature record: CXX_FEATURE:1cxx_default_function_template_args
    Feature record: CXX_FEATURE:1cxx_defaulted_functions
    Feature record: CXX_FEATURE:1cxx_defaulted_move_initializers
    Feature record: CXX_FEATURE:1cxx_delegating_constructors
    Feature record: CXX_FEATURE:1cxx_deleted_functions
    Feature record: CXX_FEATURE:0cxx_digit_separators
    Feature record: CXX_FEATURE:1cxx_enum_forward_declarations
    Feature record: CXX_FEATURE:1cxx_explicit_conversions
    Feature record: CXX_FEATURE:1cxx_extended_friend_declarations
    Feature record: CXX_FEATURE:1cxx_extern_templates
    Feature record: CXX_FEATURE:1cxx_final
    Feature record: CXX_FEATURE:1cxx_func_identifier
    Feature record: CXX_FEATURE:1cxx_generalized_initializers
    Feature record: CXX_FEATURE:0cxx_generic_lambdas
    Feature record: CXX_FEATURE:1cxx_inheriting_constructors
    Feature record: CXX_FEATURE:1cxx_inline_namespaces
    Feature record: CXX_FEATURE:1cxx_lambdas
    Feature record: CXX_FEATURE:0cxx_lambda_init_captures
    Feature record: CXX_FEATURE:1cxx_local_type_template_args
    Feature record: CXX_FEATURE:1cxx_long_long_type
    Feature record: CXX_FEATURE:1cxx_noexcept
    Feature record: CXX_FEATURE:1cxx_nonstatic_member_init
    Feature record: CXX_FEATURE:1cxx_nullptr
    Feature record: CXX_FEATURE:1cxx_override
    Feature record: CXX_FEATURE:1cxx_range_for
    Feature record: CXX_FEATURE:1cxx_raw_string_literals
    Feature record: CXX_FEATURE:1cxx_reference_qualified_functions
    Feature record: CXX_FEATURE:0cxx_relaxed_constexpr
    Feature record: CXX_FEATURE:0cxx_return_type_deduction
    Feature record: CXX_FEATURE:1cxx_right_angle_brackets
    Feature record: CXX_FEATURE:1cxx_rvalue_references
    Feature record: CXX_FEATURE:1cxx_sizeof_member
    Feature record: CXX_FEATURE:1cxx_static_assert
    Feature record: CXX_FEATURE:1cxx_strong_enums
    Feature record: CXX_FEATURE:1cxx_template_template_parameters
    Feature record: CXX_FEATURE:1cxx_thread_local
    Feature record: CXX_FEATURE:1cxx_trailing_return_types
    Feature record: CXX_FEATURE:1cxx_unicode_literals
    Feature record: CXX_FEATURE:1cxx_uniform_initialization
    Feature record: CXX_FEATURE:1cxx_unrestricted_unions
    Feature record: CXX_FEATURE:1cxx_user_literals
    Feature record: CXX_FEATURE:0cxx_variable_templates
    Feature record: CXX_FEATURE:1cxx_variadic_macros
    Feature record: CXX_FEATURE:1cxx_variadic_templates


Detecting CXX [-std=c++98] compiler features compiled with the following output:
Change Dir: /Users/afq/Documents/Dropbox/LBL/PeriFlakes/PeriFlakes/husk_ficticious/CMakeFiles/CMakeTmp

Run Build Command:"/opt/local/bin/gmake" "cmTC_4444d/fast"
/opt/local/bin/gmake -f CMakeFiles/cmTC_4444d.dir/build.make CMakeFiles/cmTC_4444d.dir/build
gmake[1]: Entering directory '/Users/afq/Documents/Dropbox/LBL/PeriFlakes/PeriFlakes/husk_ficticious/CMakeFiles/CMakeTmp'
Building CXX object CMakeFiles/cmTC_4444d.dir/feature_tests.cxx.o
/opt/local/bin/c++    -std=c++98 -o CMakeFiles/cmTC_4444d.dir/feature_tests.cxx.o -c /Users/afq/Documents/Dropbox/LBL/PeriFlakes/PeriFlakes/husk_ficticious/CMakeFiles/feature_tests.cxx
Linking CXX executable cmTC_4444d
/opt/local/bin/cmake -E cmake_link_script CMakeFiles/cmTC_4444d.dir/link.txt --verbose=1
/opt/local/bin/c++    -Wl,-search_paths_first -Wl,-headerpad_max_install_names   CMakeFiles/cmTC_4444d.dir/feature_tests.cxx.o  -o cmTC_4444d 
gmake[1]: Leaving directory '/Users/afq/Documents/Dropbox/LBL/PeriFlakes/PeriFlakes/husk_ficticious/CMakeFiles/CMakeTmp'


    Feature record: CXX_FEATURE:0cxx_aggregate_default_initializers
    Feature record: CXX_FEATURE:0cxx_alias_templates
    Feature record: CXX_FEATURE:0cxx_alignas
    Feature record: CXX_FEATURE:0cxx_alignof
    Feature record: CXX_FEATURE:0cxx_attributes
    Feature record: CXX_FEATURE:0cxx_attribute_deprecated
    Feature record: CXX_FEATURE:0cxx_auto_type
    Feature record: CXX_FEATURE:0cxx_binary_literals
    Feature record: CXX_FEATURE:0cxx_constexpr
    Feature record: CXX_FEATURE:0cxx_contextual_conversions
    Feature record: CXX_FEATURE:0cxx_decltype
    Feature record: CXX_FEATURE:0cxx_decltype_auto
    Feature record: CXX_FEATURE:0cxx_decltype_incomplete_return_types
    Feature record: CXX_FEATURE:0cxx_default_function_template_args
    Feature record: CXX_FEATURE:0cxx_defaulted_functions
    Feature record: CXX_FEATURE:0cxx_defaulted_move_initializers
    Feature record: CXX_FEATURE:0cxx_delegating_constructors
    Feature record: CXX_FEATURE:0cxx_deleted_functions
    Feature record: CXX_FEATURE:0cxx_digit_separators
    Feature record: CXX_FEATURE:0cxx_enum_forward_declarations
    Feature record: CXX_FEATURE:0cxx_explicit_conversions
    Feature record: CXX_FEATURE:0cxx_extended_friend_declarations
    Feature record: CXX_FEATURE:0cxx_extern_templates
    Feature record: CXX_FEATURE:0cxx_final
    Feature record: CXX_FEATURE:0cxx_func_identifier
    Feature record: CXX_FEATURE:0cxx_generalized_initializers
    Feature record: CXX_FEATURE:0cxx_generic_lambdas
    Feature record: CXX_FEATURE:0cxx_inheriting_constructors
    Feature record: CXX_FEATURE:0cxx_inline_namespaces
    Feature record: CXX_FEATURE:0cxx_lambdas
    Feature record: CXX_FEATURE:0cxx_lambda_init_captures
    Feature record: CXX_FEATURE:0cxx_local_type_template_args
    Feature record: CXX_FEATURE:0cxx_long_long_type
    Feature record: CXX_FEATURE:0cxx_noexcept
    Feature record: CXX_FEATURE:0cxx_nonstatic_member_init
    Feature record: CXX_FEATURE:0cxx_nullptr
    Feature record: CXX_FEATURE:0cxx_override
    Feature record: CXX_FEATURE:0cxx_range_for
    Feature record: CXX_FEATURE:0cxx_raw_string_literals
    Feature record: CXX_FEATURE:0cxx_reference_qualified_functions
    Feature record: CXX_FEATURE:0cxx_relaxed_constexpr
    Feature record: CXX_FEATURE:0cxx_return_type_deduction
    Feature record: CXX_FEATURE:0cxx_right_angle_brackets
    Feature record: CXX_FEATURE:0cxx_rvalue_references
    Feature record: CXX_FEATURE:0cxx_sizeof_member
    Feature record: CXX_FEATURE:0cxx_static_assert
    Feature record: CXX_FEATURE:0cxx_strong_enums
    Feature record: CXX_FEATURE:1cxx_template_template_parameters
    Feature record: CXX_FEATURE:0cxx_thread_local
    Feature record: CXX_FEATURE:0cxx_trailing_return_types
    Feature record: CXX_FEATURE:0cxx_unicode_literals
    Feature record: CXX_FEATURE:0cxx_uniform_initialization
    Feature record: CXX_FEATURE:0cxx_unrestricted_unions
    Feature record: CXX_FEATURE:0cxx_user_literals
    Feature record: CXX_FEATURE:0cxx_variable_templates
    Feature record: CXX_FEATURE:0cxx_variadic_macros
    Feature record: CXX_FEATURE:0cxx_variadic_templates
Performing C SOURCE FILE Test OpenMP_FLAG_DETECTED succeeded with the following output:
Change Dir: /Users/afq/Documents/Dropbox/LBL/PeriFlakes/PeriFlakes/husk_ficticious/CMakeFiles/CMakeTmp

Run Build Command:"/opt/local/bin/gmake" "cmTC_2916b/fast"
/opt/local/bin/gmake -f CMakeFiles/cmTC_2916b.dir/build.make CMakeFiles/cmTC_2916b.dir/build
gmake[1]: Entering directory '/Users/afq/Documents/Dropbox/LBL/PeriFlakes/PeriFlakes/husk_ficticious/CMakeFiles/CMakeTmp'
Building C object CMakeFiles/cmTC_2916b.dir/src.c.o
/opt/local/bin/gcc-mp-5   -DOpenMP_FLAG_DETECTED -fopenmp   -o CMakeFiles/cmTC_2916b.dir/src.c.o   -c /Users/afq/Documents/Dropbox/LBL/PeriFlakes/PeriFlakes/husk_ficticious/CMakeFiles/CMakeTmp/src.c
Linking C executable cmTC_2916b
/opt/local/bin/cmake -E cmake_link_script CMakeFiles/cmTC_2916b.dir/link.txt --verbose=1
/opt/local/bin/gcc-mp-5  -DOpenMP_FLAG_DETECTED -fopenmp -Wl,-search_paths_first -Wl,-headerpad_max_install_names   CMakeFiles/cmTC_2916b.dir/src.c.o  -o cmTC_2916b 
gmake[1]: Leaving directory '/Users/afq/Documents/Dropbox/LBL/PeriFlakes/PeriFlakes/husk_ficticious/CMakeFiles/CMakeTmp'

Source file was:

#include <omp.h>
int main() {
#ifdef _OPENMP
  return 0;
#else
  breaks_on_purpose
#endif
}

Performing C++ SOURCE FILE Test OpenMP_FLAG_DETECTED succeeded with the following output:
Change Dir: /Users/afq/Documents/Dropbox/LBL/PeriFlakes/PeriFlakes/husk_ficticious/CMakeFiles/CMakeTmp

Run Build Command:"/opt/local/bin/gmake" "cmTC_1f689/fast"
/opt/local/bin/gmake -f CMakeFiles/cmTC_1f689.dir/build.make CMakeFiles/cmTC_1f689.dir/build
gmake[1]: Entering directory '/Users/afq/Documents/Dropbox/LBL/PeriFlakes/PeriFlakes/husk_ficticious/CMakeFiles/CMakeTmp'
Building CXX object CMakeFiles/cmTC_1f689.dir/src.cxx.o
/opt/local/bin/c++    -DOpenMP_FLAG_DETECTED -fopenmp   -o CMakeFiles/cmTC_1f689.dir/src.cxx.o -c /Users/afq/Documents/Dropbox/LBL/PeriFlakes/PeriFlakes/husk_ficticious/CMakeFiles/CMakeTmp/src.cxx
Linking CXX executable cmTC_1f689
/opt/local/bin/cmake -E cmake_link_script CMakeFiles/cmTC_1f689.dir/link.txt --verbose=1
/opt/local/bin/c++   -DOpenMP_FLAG_DETECTED -fopenmp -Wl,-search_paths_first -Wl,-headerpad_max_install_names   CMakeFiles/cmTC_1f689.dir/src.cxx.o  -o cmTC_1f689 
gmake[1]: Leaving directory '/Users/afq/Documents/Dropbox/LBL/PeriFlakes/PeriFlakes/husk_ficticious/CMakeFiles/CMakeTmp'

Source file was:

#include <omp.h>
int main() {
#ifdef _OPENMP
  return 0;
#else
  breaks_on_purpose
#endif
}

